[2026-04-29T21:09:02.832457+00:00] libreria-PAW.DEBUG: Status Code:404 - Route Not Found {"ERROR":"[object] (PAW\\Core\\Exceptions\\RouteNotFoundException(code: 0): No existe ruta para este path at C:/Users/valea/OneDrive/Documentos/UNLu/ProgramacionenAmbienteWeb/Libreria-TP3/TP-Libreria-PAW-2026-Grupo3/src/core/Router.php:28)"} []
[2026-04-29T21:09:36.534586+00:00] libreria-PAW.INFO: Status Code:200 {"Path":"index","Method":"IndexController"} []
[2026-04-29T21:09:36.588792+00:00] libreria-PAW.DEBUG: Status Code:404 - Route Not Found {"ERROR":"[object] (PAW\\Core\\Exceptions\\RouteNotFoundException(code: 0): No existe ruta para este path at C:/Users/valea/OneDrive/Documentos/UNLu/ProgramacionenAmbienteWeb/Libreria-TP3/TP-Libreria-PAW-2026-Grupo3/src/core/Router.php:28)"} []
[2026-04-29T21:09:36.593088+00:00] libreria-PAW.DEBUG: Status Code:404 - Route Not Found {"ERROR":"[object] (PAW\\Core\\Exceptions\\RouteNotFoundException(code: 0): No existe ruta para este path at C:/Users/valea/OneDrive/Documentos/UNLu/ProgramacionenAmbienteWeb/Libreria-TP3/TP-Libreria-PAW-2026-Grupo3/src/core/Router.php:28)"} []
[2026-04-29T21:09:36.596550+00:00] libreria-PAW.DEBUG: Status Code:404 - Route Not Found {"ERROR":"[object] (PAW\\Core\\Exceptions\\RouteNotFoundException(code: 0): No existe ruta para este path at C:/Users/valea/OneDrive/Documentos/UNLu/ProgramacionenAmbienteWeb/Libreria-TP3/TP-Libreria-PAW-2026-Grupo3/src/core/Router.php:28)"} []
[2026-04-29T21:09:36.600986+00:00] libreria-PAW.DEBUG: Status Code:404 - Route Not Found {"ERROR":"[object] (PAW\\Core\\Exceptions\\RouteNotFoundException(code: 0): No existe ruta para este path at C:/Users/valea/OneDrive/Documentos/UNLu/ProgramacionenAmbienteWeb/Libreria-TP3/TP-Libreria-PAW-2026-Grupo3/src/core/Router.php:28)"} []
[2026-04-29T21:10:06.078164+00:00] libreria-PAW.INFO: Status Code:200 {"Path":"index","Method":"InicioSesionController"} []
[2026-04-29T21:10:06.217224+00:00] libreria-PAW.DEBUG: Status Code:404 - Route Not Found {"ERROR":"[object] (PAW\\Core\\Exceptions\\RouteNotFoundException(code: 0): No existe ruta para este path at C:/Users/valea/OneDrive/Documentos/UNLu/ProgramacionenAmbienteWeb/Libreria-TP3/TP-Libreria-PAW-2026-Grupo3/src/core/Router.php:28)"} []
[2026-04-29T21:24:34.140899+00:00] libreria-PAW.INFO: Se recibio una request: {"Path":"/mis-compras","Method":"GET"} []
[2026-04-29T21:24:34.153756+00:00] libreria-PAW.INFO: Se recibio una request: {"Path":"/inicio-sesion","Method":"GET"} []
[2026-04-29T21:24:34.156714+00:00] libreria-PAW.INFO: Status Code:200 {"Path":"index","Method":"InicioSesionController"} []
[2026-04-29T21:24:34.214235+00:00] libreria-PAW.INFO: Se recibio una request: {"Path":"/model/Logo_Violeta2.JPG","Method":"GET"} []
[2026-04-29T21:24:34.215814+00:00] libreria-PAW.DEBUG: Status Code:404 - Route Not Found {"ERROR":"[object] (PAW\\Core\\Exceptions\\RouteNotFoundException(code: 0): No existe ruta para este path at C:/Users/valea/OneDrive/Documentos/UNLu/ProgramacionenAmbienteWeb/Libreria-TP3/TP-Libreria-PAW-2026-Grupo3/src/core/Router.php:28)"} []
[2026-04-29T21:30:30.293289+00:00] libreria-PAW.INFO: Se recibio una request: {"Path":"/","Method":"GET"} []
[2026-04-29T21:30:30.299180+00:00] libreria-PAW.INFO: Status Code:200 {"Path":"IndexController","Method":"index"} []
[2026-04-29T21:30:30.403968+00:00] libreria-PAW.INFO: Se recibio una request: {"Path":"/model/Logo_Violeta2.JPG","Method":"GET"} []
[2026-04-29T21:30:30.406140+00:00] libreria-PAW.DEBUG: Status Code:404 - Route Not Found {"ERROR":"[object] (PAW\\Core\\Exceptions\\RouteNotFoundException(code: 0): No existe ruta para este path at C:/Users/valea/OneDrive/Documentos/UNLu/ProgramacionenAmbienteWeb/Libreria-TP3/TP-Libreria-PAW-2026-Grupo3/src/core/Router.php:28)"} []
[2026-04-29T21:30:30.411460+00:00] libreria-PAW.INFO: Se recibio una request: {"Path":"/model/libro1L.jpg","Method":"GET"} []
[2026-04-29T21:30:30.412725+00:00] libreria-PAW.DEBUG: Status Code:404 - Route Not Found {"ERROR":"[object] (PAW\\Core\\Exceptions\\RouteNotFoundException(code: 0): No existe ruta para este path at C:/Users/valea/OneDrive/Documentos/UNLu/ProgramacionenAmbienteWeb/Libreria-TP3/TP-Libreria-PAW-2026-Grupo3/src/core/Router.php:28)"} []
[2026-04-29T21:30:30.417752+00:00] libreria-PAW.INFO: Se recibio una request: {"Path":"/model/libro2L.webp","Method":"GET"} []
[2026-04-29T21:30:30.418802+00:00] libreria-PAW.DEBUG: Status Code:404 - Route Not Found {"ERROR":"[object] (PAW\\Core\\Exceptions\\RouteNotFoundException(code: 0): No existe ruta para este path at C:/Users/valea/OneDrive/Documentos/UNLu/ProgramacionenAmbienteWeb/Libreria-TP3/TP-Libreria-PAW-2026-Grupo3/src/core/Router.php:28)"} []
[2026-04-29T21:30:30.422410+00:00] libreria-PAW.INFO: Se recibio una request: {"Path":"/model/Libro3L.webp","Method":"GET"} []
[2026-04-29T21:30:30.424560+00:00] libreria-PAW.DEBUG: Status Code:404 - Route Not Found {"ERROR":"[object] (PAW\\Core\\Exceptions\\RouteNotFoundException(code: 0): No existe ruta para este path at C:/Users/valea/OneDrive/Documentos/UNLu/ProgramacionenAmbienteWeb/Libreria-TP3/TP-Libreria-PAW-2026-Grupo3/src/core/Router.php:28)"} []
[2026-04-29T21:42:07.477020+00:00] libreria-PAW.INFO: Se recibio una request: {"Path":"/libro","Method":"GET"} []
[2026-04-29T21:42:07.482563+00:00] libreria-PAW.INFO: Status Code:200 {"Path":"/libro","Method":"GET"} []
[2026-04-29T21:42:07.550393+00:00] libreria-PAW.INFO: Se recibio una request: {"Path":"/model/Logo_Violeta2.JPG","Method":"GET"} []
[2026-04-29T21:42:07.553043+00:00] libreria-PAW.DEBUG: Status Code:404 - Route Not Found {"ERROR":"[object] (PAW\\Core\\Exceptions\\RouteNotFoundException(code: 0): No existe ruta para este path at C:/Users/valea/OneDrive/Documentos/UNLu/ProgramacionenAmbienteWeb/Libreria-TP3/TP-Libreria-PAW-2026-Grupo3/src/core/Router.php:28)"} []
[2026-04-29T21:42:07.556975+00:00] libreria-PAW.INFO: Se recibio una request: {"Path":"/libro.jpg","Method":"GET"} []
[2026-04-29T21:42:07.558931+00:00] libreria-PAW.DEBUG: Status Code:404 - Route Not Found {"ERROR":"[object] (PAW\\Core\\Exceptions\\RouteNotFoundException(code: 0): No existe ruta para este path at C:/Users/valea/OneDrive/Documentos/UNLu/ProgramacionenAmbienteWeb/Libreria-TP3/TP-Libreria-PAW-2026-Grupo3/src/core/Router.php:28)"} []
[2026-04-29T21:42:07.564506+00:00] libreria-PAW.INFO: Se recibio una request: {"Path":"/libro1L.jpg","Method":"GET"} []
[2026-04-29T21:42:07.566212+00:00] libreria-PAW.DEBUG: Status Code:404 - Route Not Found {"ERROR":"[object] (PAW\\Core\\Exceptions\\RouteNotFoundException(code: 0): No existe ruta para este path at C:/Users/valea/OneDrive/Documentos/UNLu/ProgramacionenAmbienteWeb/Libreria-TP3/TP-Libreria-PAW-2026-Grupo3/src/core/Router.php:28)"} []
[2026-04-29T21:42:07.571948+00:00] libreria-PAW.INFO: Se recibio una request: {"Path":"/libro2L.webp","Method":"GET"} []
[2026-04-29T21:42:07.574666+00:00] libreria-PAW.DEBUG: Status Code:404 - Route Not Found {"ERROR":"[object] (PAW\\Core\\Exceptions\\RouteNotFoundException(code: 0): No existe ruta para este path at C:/Users/valea/OneDrive/Documentos/UNLu/ProgramacionenAmbienteWeb/Libreria-TP3/TP-Libreria-PAW-2026-Grupo3/src/core/Router.php:28)"} []
[2026-04-29T21:42:07.579594+00:00] libreria-PAW.INFO: Se recibio una request: {"Path":"/Libro3L.webp","Method":"GET"} []
[2026-04-29T21:42:07.581177+00:00] libreria-PAW.DEBUG: Status Code:404 - Route Not Found {"ERROR":"[object] (PAW\\Core\\Exceptions\\RouteNotFoundException(code: 0): No existe ruta para este path at C:/Users/valea/OneDrive/Documentos/UNLu/ProgramacionenAmbienteWeb/Libreria-TP3/TP-Libreria-PAW-2026-Grupo3/src/core/Router.php:28)"} []
[2026-04-29T21:42:07.586615+00:00] libreria-PAW.INFO: Se recibio una request: {"Path":"/img/logo.png","Method":"GET"} []
[2026-04-29T21:42:07.588452+00:00] libreria-PAW.DEBUG: Status Code:404 - Route Not Found {"ERROR":"[object] (PAW\\Core\\Exceptions\\RouteNotFoundException(code: 0): No existe ruta para este path at C:/Users/valea/OneDrive/Documentos/UNLu/ProgramacionenAmbienteWeb/Libreria-TP3/TP-Libreria-PAW-2026-Grupo3/src/core/Router.php:28)"} []
[2026-05-21T22:54:34.423427+00:00] libreria-PAW.INFO: Se recibio una request: {"Path":"/","Method":"GET"} []
[2026-05-21T22:54:34.550038+00:00] libreria-PAW.INFO: Status Code:200 {"Path":"/","Method":"GET"} []
[2026-05-21T22:54:34.578908+00:00] libreria-PAW.INFO: Se recibio una request: {"Path":"/model/Logo_Violeta2.JPG","Method":"GET"} []
[2026-05-21T22:54:34.628037+00:00] libreria-PAW.DEBUG: Status Code:404 - Route Not Found {"ERROR":"[object] (PAW\\Core\\Exceptions\\RouteNotFoundException(code: 0): No existe ruta para este path at C:/Users/valea/OneDrive/Documentos/UNLu/ProgramacionenAmbienteWeb/Libreria-TP3/TP-Libreria-PAW-2026-Grupo3/src/core/Router.php:28)"} []
[2026-05-21T22:54:34.630409+00:00] libreria-PAW.INFO: Se recibio una request: {"Path":"/model/libro1L.jpg","Method":"GET"} []
[2026-05-21T22:54:34.630846+00:00] libreria-PAW.DEBUG: Status Code:404 - Route Not Found {"ERROR":"[object] (PAW\\Core\\Exceptions\\RouteNotFoundException(code: 0): No existe ruta para este path at C:/Users/valea/OneDrive/Documentos/UNLu/ProgramacionenAmbienteWeb/Libreria-TP3/TP-Libreria-PAW-2026-Grupo3/src/core/Router.php:28)"} []
[2026-05-21T22:54:34.632671+00:00] libreria-PAW.INFO: Se recibio una request: {"Path":"/model/libro2L.webp","Method":"GET"} []
[2026-05-21T22:54:34.633098+00:00] libreria-PAW.DEBUG: Status Code:404 - Route Not Found {"ERROR":"[object] (PAW\\Core\\Exceptions\\RouteNotFoundException(code: 0): No existe ruta para este path at C:/Users/valea/OneDrive/Documentos/UNLu/ProgramacionenAmbienteWeb/Libreria-TP3/TP-Libreria-PAW-2026-Grupo3/src/core/Router.php:28)"} []
[2026-05-21T22:54:34.634978+00:00] libreria-PAW.INFO: Se recibio una request: {"Path":"/model/Libro3L.webp","Method":"GET"} []
[2026-05-21T22:54:34.635482+00:00] libreria-PAW.DEBUG: Status Code:404 - Route Not Found {"ERROR":"[object] (PAW\\Core\\Exceptions\\RouteNotFoundException(code: 0): No existe ruta para este path at C:/Users/valea/OneDrive/Documentos/UNLu/ProgramacionenAmbienteWeb/Libreria-TP3/TP-Libreria-PAW-2026-Grupo3/src/core/Router.php:28)"} []
[2026-05-21T22:54:34.771399+00:00] libreria-PAW.INFO: Se recibio una request: {"Path":"/favicon.ico","Method":"GET"} []
[2026-05-21T22:54:34.771882+00:00] libreria-PAW.DEBUG: Status Code:404 - Route Not Found {"ERROR":"[object] (PAW\\Core\\Exceptions\\RouteNotFoundException(code: 0): No existe ruta para este path at C:/Users/valea/OneDrive/Documentos/UNLu/ProgramacionenAmbienteWeb/Libreria-TP3/TP-Libreria-PAW-2026-Grupo3/src/core/Router.php:28)"} []
[2026-05-21T22:54:41.919305+00:00] libreria-PAW.INFO: Se recibio una request: {"Path":"/crearCuenta","Method":"GET"} []
[2026-05-21T22:54:41.961978+00:00] libreria-PAW.INFO: Status Code:200 {"Path":"/crearCuenta","Method":"GET"} []
[2026-05-21T22:54:41.985392+00:00] libreria-PAW.INFO: Se recibio una request: {"Path":"/model/Logo_Violeta2.JPG","Method":"GET"} []
[2026-05-21T22:54:41.986125+00:00] libreria-PAW.DEBUG: Status Code:404 - Route Not Found {"ERROR":"[object] (PAW\\Core\\Exceptions\\RouteNotFoundException(code: 0): No existe ruta para este path at C:/Users/valea/OneDrive/Documentos/UNLu/ProgramacionenAmbienteWeb/Libreria-TP3/TP-Libreria-PAW-2026-Grupo3/src/core/Router.php:28)"} []
[2026-05-21T22:54:59.638225+00:00] libreria-PAW.INFO: Se recibio una request: {"Path":"/crearCuenta","Method":"POST"} []
[2026-05-21T22:54:59.661313+00:00] libreria-PAW.INFO: Status Code:200 {"Path":"/crearCuenta","Method":"POST"} []
[2026-05-21T22:54:59.671501+00:00] libreria-PAW.INFO: Se recibio una request: {"Path":"/model/Logo_Violeta2.JPG","Method":"GET"} []
[2026-05-21T22:54:59.672377+00:00] libreria-PAW.DEBUG: Status Code:404 - Route Not Found {"ERROR":"[object] (PAW\\Core\\Exceptions\\RouteNotFoundException(code: 0): No existe ruta para este path at C:/Users/valea/OneDrive/Documentos/UNLu/ProgramacionenAmbienteWeb/Libreria-TP3/TP-Libreria-PAW-2026-Grupo3/src/core/Router.php:28)"} []
[2026-05-21T22:55:06.487909+00:00] libreria-PAW.INFO: Se recibio una request: {"Path":"/carrito","Method":"GET"} []
[2026-05-21T22:55:06.532116+00:00] libreria-PAW.INFO: Status Code:200 {"Path":"/carrito","Method":"GET"} []
[2026-05-21T22:55:06.551178+00:00] libreria-PAW.INFO: Se recibio una request: {"Path":"/model/Logo_Violeta2.JPG","Method":"GET"} []
[2026-05-21T22:55:06.552005+00:00] libreria-PAW.DEBUG: Status Code:404 - Route Not Found {"ERROR":"[object] (PAW\\Core\\Exceptions\\RouteNotFoundException(code: 0): No existe ruta para este path at C:/Users/valea/OneDrive/Documentos/UNLu/ProgramacionenAmbienteWeb/Libreria-TP3/TP-Libreria-PAW-2026-Grupo3/src/core/Router.php:28)"} []
[2026-05-21T22:55:06.553785+00:00] libreria-PAW.INFO: Se recibio una request: {"Path":"/model/libro1L.jpg","Method":"GET"} []
[2026-05-21T22:55:06.554281+00:00] libreria-PAW.DEBUG: Status Code:404 - Route Not Found {"ERROR":"[object] (PAW\\Core\\Exceptions\\RouteNotFoundException(code: 0): No existe ruta para este path at C:/Users/valea/OneDrive/Documentos/UNLu/ProgramacionenAmbienteWeb/Libreria-TP3/TP-Libreria-PAW-2026-Grupo3/src/core/Router.php:28)"} []
[2026-05-21T22:55:13.808993+00:00] libreria-PAW.INFO: Se recibio una request: {"Path":"/nosotros","Method":"GET"} []
[2026-05-21T22:55:13.843585+00:00] libreria-PAW.INFO: Status Code:200 {"Path":"/nosotros","Method":"GET"} []
[2026-05-21T22:55:13.863253+00:00] libreria-PAW.INFO: Se recibio una request: {"Path":"/model/Logo_Violeta2.JPG","Method":"GET"} []
[2026-05-21T22:55:13.863904+00:00] libreria-PAW.DEBUG: Status Code:404 - Route Not Found {"ERROR":"[object] (PAW\\Core\\Exceptions\\RouteNotFoundException(code: 0): No existe ruta para este path at C:/Users/valea/OneDrive/Documentos/UNLu/ProgramacionenAmbienteWeb/Libreria-TP3/TP-Libreria-PAW-2026-Grupo3/src/core/Router.php:28)"} []
